This file contains any messages produced by compilers while
running configure, to aid debugging if configure makes a mistake.

It was created by cat configure 0.1b, which was
generated by GNU Autoconf 2.59.  Invocation command line was

  $ ./configure 

## --------- ##
## Platform. ##
## --------- ##

hostname = slowhand
uname -m = i686
uname -r = 2.6.19-1.2895.fc6
uname -s = Linux
uname -v = #1 SMP Wed Jan 10 19:28:18 EST 2007

/usr/bin/uname -p = unknown
/bin/uname -X     = unknown

/bin/arch              = i686
/usr/bin/arch -k       = unknown
/usr/convex/getsysinfo = unknown
hostinfo               = unknown
/bin/machine           = unknown
/usr/bin/oslevel       = unknown
/bin/universe          = unknown

PATH: /home/mbaptist/bin
PATH: /opt/intel/idb/9.0/bin
PATH: /opt/intel/cc/9.0/bin
PATH: /opt/intel/fc/9.0/bin
PATH: /home/mbaptist/bin
PATH: /opt/intel/idb/9.0/bin
PATH: /opt/intel/cc/9.0/bin
PATH: /opt/intel/fc/9.0/bin
PATH: /usr/lib/qt-3.3/bin
PATH: /usr/kerberos/bin
PATH: /usr/local/bin
PATH: /usr/bin
PATH: /bin
PATH: /usr/bin
PATH: /usr/games
PATH: /home/mbaptist/codes/cat
PATH: /home/mbaptist/codes/lass
PATH: /home/mbaptist/codes/godess
PATH: /home/mbaptist/codes/goops
PATH: /home/mbaptist/codes/mhdc3dl
PATH: /home/mbaptist/codes/mhdc3dl/utils
PATH: /home/mbaptist/codes/ns3dp
PATH: /home/mbaptist/codes/cat
PATH: /home/mbaptist/codes/lass
PATH: /home/mbaptist/codes/godess
PATH: /home/mbaptist/codes/goops
PATH: /home/mbaptist/codes/mhdc3dl
PATH: /home/mbaptist/codes/mhdc3dl/utils
PATH: /home/mbaptist/codes/ns3dp


## ----------- ##
## Core tests. ##
## ----------- ##

configure:1331: checking for g++
configure:1347: found /usr/bin/g++
configure:1357: result: g++
configure:1373: checking for C++ compiler version
configure:1376: g++ --version </dev/null >&5
g++ (GCC) 4.1.1 20070105 (Red Hat 4.1.1-51)
Copyright (C) 2006 Free Software Foundation, Inc.
This is free software; see the source for copying conditions.  There is NO
warranty; not even for MERCHANTABILITY or FITNESS FOR A PARTICULAR PURPOSE.

configure:1379: $? = 0
configure:1381: g++ -v </dev/null >&5
Using built-in specs.
Target: i386-redhat-linux
Configured with: ../configure --prefix=/usr --mandir=/usr/share/man --infodir=/usr/share/info --enable-shared --enable-threads=posix --enable-checking=release --with-system-zlib --enable-__cxa_atexit --disable-libunwind-exceptions --enable-libgcj-multifile --enable-languages=c,c++,objc,obj-c++,java,fortran,ada --enable-java-awt=gtk --disable-dssi --enable-plugin --with-java-home=/usr/lib/jvm/java-1.4.2-gcj-1.4.2.0/jre --with-cpu=generic --host=i386-redhat-linux
Thread model: posix
gcc version 4.1.1 20070105 (Red Hat 4.1.1-51)
configure:1384: $? = 0
configure:1386: g++ -V </dev/null >&5
g++: '-V' option must have argument
configure:1389: $? = 1
configure:1412: checking for C++ compiler default output file name
configure:1415: g++ -O3 -funroll-loops -fexpensive-optimizations     conftest.cc  >&5
configure:1418: $? = 0
configure:1464: result: a.out
configure:1469: checking whether the C++ compiler works
configure:1475: ./a.out
configure:1478: $? = 0
configure:1495: result: yes
configure:1502: checking whether we are cross compiling
configure:1504: result: no
configure:1507: checking for suffix of executables
configure:1509: g++ -o conftest -O3 -funroll-loops -fexpensive-optimizations     conftest.cc  >&5
configure:1512: $? = 0
configure:1537: result: 
configure:1543: checking for suffix of object files
configure:1564: g++ -c -O3 -funroll-loops -fexpensive-optimizations    conftest.cc >&5
configure:1567: $? = 0
configure:1589: result: o
configure:1593: checking whether we are using the GNU C++ compiler
configure:1617: g++ -c -O3 -funroll-loops -fexpensive-optimizations    conftest.cc >&5
configure:1623: $? = 0
configure:1627: test -z 
			 || test ! -s conftest.err
configure:1630: $? = 0
configure:1633: test -s conftest.o
configure:1636: $? = 0
configure:1649: result: yes
configure:1655: checking whether g++ accepts -g
configure:1676: g++ -c -g  conftest.cc >&5
configure:1682: $? = 0
configure:1686: test -z 
			 || test ! -s conftest.err
configure:1689: $? = 0
configure:1692: test -s conftest.o
configure:1695: $? = 0
configure:1706: result: yes
configure:1748: g++ -c -O3 -funroll-loops -fexpensive-optimizations    conftest.cc >&5
configure:1754: $? = 0
configure:1758: test -z 
			 || test ! -s conftest.err
configure:1761: $? = 0
configure:1764: test -s conftest.o
configure:1767: $? = 0
configure:1793: g++ -c -O3 -funroll-loops -fexpensive-optimizations    conftest.cc >&5
conftest.cc: In function 'int main()':
conftest.cc:13: error: 'exit' was not declared in this scope
configure:1799: $? = 1
configure: failed program was:
| /* confdefs.h.  */
| 
| #define PACKAGE_NAME "cat"
| #define PACKAGE_TARNAME "cat"
| #define PACKAGE_VERSION "0.1b"
| #define PACKAGE_STRING "cat 0.1b"
| #define PACKAGE_BUGREPORT "mbaptist@fc.up.pt"
| /* end confdefs.h.  */
| 
| int
| main ()
| {
| exit (42);
|   ;
|   return 0;
| }
configure:1748: g++ -c -O3 -funroll-loops -fexpensive-optimizations    conftest.cc >&5
configure:1754: $? = 0
configure:1758: test -z 
			 || test ! -s conftest.err
configure:1761: $? = 0
configure:1764: test -s conftest.o
configure:1767: $? = 0
configure:1793: g++ -c -O3 -funroll-loops -fexpensive-optimizations    conftest.cc >&5
configure:1799: $? = 0
configure:1803: test -z 
			 || test ! -s conftest.err
configure:1806: $? = 0
configure:1809: test -s conftest.o
configure:1812: $? = 0
configure:1881: checking for gcc
configure:1897: found /usr/bin/gcc
configure:1907: result: gcc
configure:2151: checking for C compiler version
configure:2154: gcc --version </dev/null >&5
gcc (GCC) 4.1.1 20070105 (Red Hat 4.1.1-51)
Copyright (C) 2006 Free Software Foundation, Inc.
This is free software; see the source for copying conditions.  There is NO
warranty; not even for MERCHANTABILITY or FITNESS FOR A PARTICULAR PURPOSE.

configure:2157: $? = 0
configure:2159: gcc -v </dev/null >&5
Using built-in specs.
Target: i386-redhat-linux
Configured with: ../configure --prefix=/usr --mandir=/usr/share/man --infodir=/usr/share/info --enable-shared --enable-threads=posix --enable-checking=release --with-system-zlib --enable-__cxa_atexit --disable-libunwind-exceptions --enable-libgcj-multifile --enable-languages=c,c++,objc,obj-c++,java,fortran,ada --enable-java-awt=gtk --disable-dssi --enable-plugin --with-java-home=/usr/lib/jvm/java-1.4.2-gcj-1.4.2.0/jre --with-cpu=generic --host=i386-redhat-linux
Thread model: posix
gcc version 4.1.1 20070105 (Red Hat 4.1.1-51)
configure:2162: $? = 0
configure:2164: gcc -V </dev/null >&5
gcc: '-V' option must have argument
configure:2167: $? = 1
configure:2170: checking whether we are using the GNU C compiler
configure:2194: gcc -c -O3 -funroll-loops -fexpensive-optimizations  -mtune=pentium-m  conftest.c >&5
configure:2200: $? = 0
configure:2204: test -z 
			 || test ! -s conftest.err
configure:2207: $? = 0
configure:2210: test -s conftest.o
configure:2213: $? = 0
configure:2226: result: yes
configure:2232: checking whether gcc accepts -g
configure:2253: gcc -c -g  conftest.c >&5
configure:2259: $? = 0
configure:2263: test -z 
			 || test ! -s conftest.err
configure:2266: $? = 0
configure:2269: test -s conftest.o
configure:2272: $? = 0
configure:2283: result: yes
configure:2300: checking for gcc option to accept ANSI C
configure:2370: gcc  -c -O3 -funroll-loops -fexpensive-optimizations  -mtune=pentium-m  conftest.c >&5
configure:2376: $? = 0
configure:2380: test -z 
			 || test ! -s conftest.err
configure:2383: $? = 0
configure:2386: test -s conftest.o
configure:2389: $? = 0
configure:2407: result: none needed
configure:2425: gcc -c -O3 -funroll-loops -fexpensive-optimizations  -mtune=pentium-m  conftest.c >&5
conftest.c:2: error: expected '=', ',', ';', 'asm' or '__attribute__' before 'me'
configure:2431: $? = 1
configure: failed program was:
| #ifndef __cplusplus
|   choke me
| #endif
configure:2569: checking how to run the C preprocessor
configure:2604: gcc -E  conftest.c
configure:2610: $? = 0
configure:2642: gcc -E  conftest.c
conftest.c:12:28: error: ac_nonexistent.h: No such file or directory
configure:2648: $? = 1
configure: failed program was:
| /* confdefs.h.  */
| 
| #define PACKAGE_NAME "cat"
| #define PACKAGE_TARNAME "cat"
| #define PACKAGE_VERSION "0.1b"
| #define PACKAGE_STRING "cat 0.1b"
| #define PACKAGE_BUGREPORT "mbaptist@fc.up.pt"
| #ifdef __cplusplus
| extern "C" void std::exit (int) throw (); using std::exit;
| #endif
| /* end confdefs.h.  */
| #include <ac_nonexistent.h>
configure:2687: result: gcc -E
configure:2711: gcc -E  conftest.c
configure:2717: $? = 0
configure:2749: gcc -E  conftest.c
conftest.c:12:28: error: ac_nonexistent.h: No such file or directory
configure:2755: $? = 1
configure: failed program was:
| /* confdefs.h.  */
| 
| #define PACKAGE_NAME "cat"
| #define PACKAGE_TARNAME "cat"
| #define PACKAGE_VERSION "0.1b"
| #define PACKAGE_STRING "cat 0.1b"
| #define PACKAGE_BUGREPORT "mbaptist@fc.up.pt"
| #ifdef __cplusplus
| extern "C" void std::exit (int) throw (); using std::exit;
| #endif
| /* end confdefs.h.  */
| #include <ac_nonexistent.h>
configure:2805: checking for an ANSI C-conforming const
configure:2872: gcc -c -O3 -funroll-loops -fexpensive-optimizations  -mtune=pentium-m  conftest.c >&5
configure:2878: $? = 0
configure:2882: test -z 
			 || test ! -s conftest.err
configure:2885: $? = 0
configure:2888: test -s conftest.o
configure:2891: $? = 0
configure:2902: result: yes
configure:2912: checking for inline
configure:2933: gcc -c -O3 -funroll-loops -fexpensive-optimizations  -mtune=pentium-m  conftest.c >&5
configure:2939: $? = 0
configure:2943: test -z 
			 || test ! -s conftest.err
configure:2946: $? = 0
configure:2949: test -s conftest.o
configure:2952: $? = 0
configure:2964: result: inline
configure:3115: creating ./config.status

## ---------------------- ##
## Running config.status. ##
## ---------------------- ##

This file was extended by cat config.status 0.1b, which was
generated by GNU Autoconf 2.59.  Invocation command line was

  CONFIG_FILES    = 
  CONFIG_HEADERS  = 
  CONFIG_LINKS    = 
  CONFIG_COMMANDS = 
  $ ./config.status 

on slowhand

config.status:641: creating Makefile
config.status:641: creating random/Makefile
config.status:641: creating tiny/Makefile
config.status:641: creating traits/Makefile
config.status:641: creating array/Makefile
config.status:641: creating doc/Makefile
config.status:641: creating testing/Makefile

## ---------------- ##
## Cache variables. ##
## ---------------- ##

ac_cv_c_compiler_gnu=yes
ac_cv_c_const=yes
ac_cv_c_inline=inline
ac_cv_cxx_compiler_gnu=yes
ac_cv_env_CC_set=
ac_cv_env_CC_value=
ac_cv_env_CFLAGS_set=set
ac_cv_env_CFLAGS_value='-O3 -funroll-loops -fexpensive-optimizations  -mtune=pentium-m'
ac_cv_env_CPPFLAGS_set=
ac_cv_env_CPPFLAGS_value=
ac_cv_env_CPP_set=
ac_cv_env_CPP_value=
ac_cv_env_CXXFLAGS_set=set
ac_cv_env_CXXFLAGS_value='-O3 -funroll-loops -fexpensive-optimizations  '
ac_cv_env_CXX_set=
ac_cv_env_CXX_value=
ac_cv_env_LDFLAGS_set=
ac_cv_env_LDFLAGS_value=
ac_cv_env_build_alias_set=
ac_cv_env_build_alias_value=
ac_cv_env_host_alias_set=
ac_cv_env_host_alias_value=
ac_cv_env_target_alias_set=
ac_cv_env_target_alias_value=
ac_cv_exeext=
ac_cv_objext=o
ac_cv_prog_CPP='gcc -E'
ac_cv_prog_ac_ct_CC=gcc
ac_cv_prog_ac_ct_CXX=g++
ac_cv_prog_cc_g=yes
ac_cv_prog_cc_stdc=
ac_cv_prog_cxx_g=yes

## ----------------- ##
## Output variables. ##
## ----------------- ##

CC='gcc'
CFLAGS='-O3 -funroll-loops -fexpensive-optimizations  -mtune=pentium-m'
CPP='gcc -E'
CPPFLAGS=''
CXX='g++'
CXXFLAGS='-O3 -funroll-loops -fexpensive-optimizations  '
DEFS='-DPACKAGE_NAME=\"cat\" -DPACKAGE_TARNAME=\"cat\" -DPACKAGE_VERSION=\"0.1b\" -DPACKAGE_STRING=\"cat\ 0.1b\" -DPACKAGE_BUGREPORT=\"mbaptist@fc.up.pt\" '
ECHO_C=''
ECHO_N='-n'
ECHO_T=''
EXEEXT=''
LDFLAGS=''
LIBOBJS=''
LIBS=''
LTLIBOBJS=''
OBJEXT='o'
PACKAGE_BUGREPORT='mbaptist@fc.up.pt'
PACKAGE_NAME='cat'
PACKAGE_STRING='cat 0.1b'
PACKAGE_TARNAME='cat'
PACKAGE_VERSION='0.1b'
PATH_SEPARATOR=':'
SHELL='/bin/sh'
ac_ct_CC='gcc'
ac_ct_CXX='g++'
bindir='${exec_prefix}/bin'
build_alias=''
datadir='${prefix}/share'
exec_prefix='${prefix}'
host_alias=''
includedir='${prefix}/include'
infodir='${prefix}/info'
libdir='${exec_prefix}/lib'
libexecdir='${exec_prefix}/libexec'
localstatedir='${prefix}/var'
mandir='${prefix}/man'
oldincludedir='/usr/include'
prefix='/usr/local'
program_transform_name='s,x,x,'
sbindir='${exec_prefix}/sbin'
sharedstatedir='${prefix}/com'
sysconfdir='${prefix}/etc'
target_alias=''

## ----------- ##
## confdefs.h. ##
## ----------- ##

#define PACKAGE_BUGREPORT "mbaptist@fc.up.pt"
#define PACKAGE_NAME "cat"
#define PACKAGE_STRING "cat 0.1b"
#define PACKAGE_TARNAME "cat"
#define PACKAGE_VERSION "0.1b"
#endif
#ifdef __cplusplus
extern "C" void std::exit (int) throw (); using std::exit;

configure: exit 0
